[0m01:10:50.509526 [debug] [MainThread]: Sending event: {'category': 'dbt', 'action': 'invocation', 'label': 'start', 'context': [<snowplow_tracker.self_describing_json.SelfDescribingJson object at 0x7d66cd502240>, <snowplow_tracker.self_describing_json.SelfDescribingJson object at 0x7d66cd6cbbf0>, <snowplow_tracker.self_describing_json.SelfDescribingJson object at 0x7d66cd69d850>]}


============================== 01:10:50.520186 | 6c3605f2-2478-4886-8797-580293ed2186 ==============================
[0m01:10:50.520186 [info ] [MainThread]: Running with dbt=1.9.0
[0m01:10:50.521136 [debug] [MainThread]: running dbt with arguments {'printer_width': '80', 'indirect_selection': 'eager', 'log_cache_events': 'False', 'write_json': 'True', 'partial_parse': 'True', 'cache_selected_only': 'False', 'profiles_dir': '/root/.dbt', 'fail_fast': 'False', 'warn_error': 'None', 'log_path': 'logs', 'debug': 'False', 'version_check': 'True', 'use_colors': 'True', 'use_experimental_parser': 'False', 'empty': 'None', 'quiet': 'False', 'no_print': 'None', 'warn_error_options': 'WarnErrorOptions(include=[], exclude=[])', 'invocation_command': 'dbt init my_project', 'introspect': 'True', 'static_parser': 'True', 'target_path': 'None', 'log_format': 'default', 'send_anonymous_usage_stats': 'True'}
[0m01:10:50.577724 [warn ] [MainThread]: [ConfigFolderDirectory]: Unable to parse logging event dictionary. Failed to parse dir field: expected string or bytes-like object, got 'PosixPath'.. Dictionary: {'dir': PosixPath('/root/.dbt')}
[0m01:10:50.578428 [info ] [MainThread]: Creating dbt configuration folder at 
[0m01:10:50.581396 [debug] [MainThread]: Starter project path: /usr/local/lib/python3.12/site-packages/dbt/include/starter_project
[0m01:10:50.596388 [info ] [MainThread]: 
Your new dbt project "my_project" was created!

For more information on how to configure the profiles.yml file,
please consult the dbt documentation here:

  https://docs.getdbt.com/docs/configure-your-profile

One more thing:

Need help? Don't hesitate to reach out to us via GitHub issues or on Slack:

  https://community.getdbt.com/

Happy modeling!

[0m01:10:50.596892 [info ] [MainThread]: Setting up your profile.
[0m01:13:10.566452 [info ] [MainThread]: Profile my_project written to /root/.dbt/profiles.yml using target's profile_template.yml and your supplied values. Run 'dbt debug' to validate the connection.
[0m01:13:10.568848 [debug] [MainThread]: Resource report: {"command_name": "init", "command_success": true, "command_wall_clock_time": 139.48311, "process_in_blocks": "0", "process_kernel_time": 0.68777, "process_mem_max_rss": "92652", "process_out_blocks": "1544", "process_user_time": 2.068216}
[0m01:13:10.570033 [debug] [MainThread]: Command `dbt init` succeeded at 01:13:10.569766 after 139.48 seconds
[0m01:13:10.570868 [debug] [MainThread]: Sending event: {'category': 'dbt', 'action': 'invocation', 'label': 'end', 'context': [<snowplow_tracker.self_describing_json.SelfDescribingJson object at 0x7d66cd5808f0>, <snowplow_tracker.self_describing_json.SelfDescribingJson object at 0x7d66cd04c320>, <snowplow_tracker.self_describing_json.SelfDescribingJson object at 0x7d66cd0eaff0>]}
[0m01:13:10.571821 [debug] [MainThread]: Flushing usage events
[0m01:13:14.581161 [debug] [MainThread]: An error was encountered while trying to flush usage events
